The system is: Windows - 10.0.19045 - AMD64
Compiling the CXX compiler identification source file "CMakeCXXCompilerId.cpp" succeeded.
Compiler: C:/Program Files (x86)/Microsoft Visual Studio/2017/Professional/VC/Tools/MSVC/14.16.27023/bin/Hostx64/x64/cl.exe 
Build flags: 
Id flags:  

The output was:
0
Microsoft (R) C/C++ Optimizing Compiler Version 19.16.27027.1 for x64
Copyright (C) Microsoft Corporation.  All rights reserved.

CMakeCXXCompilerId.cpp
Microsoft (R) Incremental Linker Version 14.16.27027.1
Copyright (C) Microsoft Corporation.  All rights reserved.

/out:CMakeCXXCompilerId.exe 
CMakeCXXCompilerId.obj 


Compilation of the CXX compiler identification source "CMakeCXXCompilerId.cpp" produced "CMakeCXXCompilerId.exe"

Compilation of the CXX compiler identification source "CMakeCXXCompilerId.cpp" produced "CMakeCXXCompilerId.obj"

The CXX compiler identification is MSVC, found in "C:/saya/cpplibs/cmake-build-debug/CMakeFiles/3.25.2/CompilerIdCXX/CMakeCXXCompilerId.exe"

Detecting CXX compiler ABI info compiled with the following output:
Change Dir: C:/saya/cpplibs/cmake-build-debug/CMakeFiles/CMakeScratch/TryCompile-lb3x70

Run Build Command(s):nmake -f Makefile /nologo cmTC_27df8\fast && 	"C:\Program Files (x86)\Microsoft Visual Studio\2017\Professional\VC\Tools\MSVC\14.16.27023\bin\HostX64\x64\nmake.exe"  -f CMakeFiles\cmTC_27df8.dir\build.make /nologo -L                  CMakeFiles\cmTC_27df8.dir\build
Building CXX object CMakeFiles/cmTC_27df8.dir/CMakeCXXCompilerABI.cpp.obj
	C:\Users\yazdani\AppData\Local\JetBrains\Toolbox\apps\CLion\ch-0\231.8109.222\bin\cmake\win\x64\bin\cmake.exe -E cmake_cl_compile_depends --dep-file=CMakeFiles\cmTC_27df8.dir\CMakeCXXCompilerABI.cpp.obj.d --working-dir=C:\saya\cpplibs\cmake-build-debug\CMakeFiles\CMakeScratch\TryCompile-lb3x70 --filter-prefix="Note: including file: " -- C:\PROGRA~2\MICROS~3\2017\PROFES~1\VC\Tools\MSVC\1416~1.270\bin\Hostx64\x64\cl.exe @C:\Users\yazdani\AppData\Local\Temp\nmA3E4.tmp
CMakeCXXCompilerABI.cpp
Linking CXX executable cmTC_27df8.exe
	C:\Users\yazdani\AppData\Local\JetBrains\Toolbox\apps\CLion\ch-0\231.8109.222\bin\cmake\win\x64\bin\cmake.exe -E vs_link_exe --intdir=CMakeFiles\cmTC_27df8.dir --rc=C:\PROGRA~2\WI3CF2~1\10\bin\100226~1.0\x64\rc.exe --mt=C:\PROGRA~2\WI3CF2~1\10\bin\100226~1.0\x64\mt.exe --manifests -- C:\PROGRA~2\MICROS~3\2017\PROFES~1\VC\Tools\MSVC\1416~1.270\bin\Hostx64\x64\link.exe /nologo @CMakeFiles\cmTC_27df8.dir\objects1 @C:\Users\yazdani\AppData\Local\Temp\nmA5C9.tmp



